2022-09-04 06:12:09,715 INFO o.a.j.u.JMeterUtils: Setting Locale to en
2022-09-04 06:12:09,734 INFO o.a.j.JMeter: Loading user properties from: /home/hsonnl/azagent/_work/_tool/jmeter-b78fe7bc0106f2518c30e8a491073b2c33bc8b3afeca19834f6642e7/5.4.2/x64/apache-jmeter-5.4.2/bin/user.properties
2022-09-04 06:12:09,735 INFO o.a.j.JMeter: Loading system properties from: /home/hsonnl/azagent/_work/_tool/jmeter-b78fe7bc0106f2518c30e8a491073b2c33bc8b3afeca19834f6642e7/5.4.2/x64/apache-jmeter-5.4.2/bin/system.properties
2022-09-04 06:12:09,735 INFO o.a.j.JMeter: Loading additional properties from: /home/hsonnl/azagent/_work/1/s/my-taurus-output-3/jmeter-bzt.properties
2022-09-04 06:12:09,747 INFO o.a.j.JMeter: Copyright (c) 1998-2021 The Apache Software Foundation
2022-09-04 06:12:09,747 INFO o.a.j.JMeter: Version 5.4.2
2022-09-04 06:12:09,747 INFO o.a.j.JMeter: java.version=1.8.0_342
2022-09-04 06:12:09,747 INFO o.a.j.JMeter: java.vm.name=OpenJDK 64-Bit Server VM
2022-09-04 06:12:09,747 INFO o.a.j.JMeter: os.name=Linux
2022-09-04 06:12:09,747 INFO o.a.j.JMeter: os.arch=amd64
2022-09-04 06:12:09,747 INFO o.a.j.JMeter: os.version=5.15.0-1019-azure
2022-09-04 06:12:09,747 INFO o.a.j.JMeter: file.encoding=UTF-8
2022-09-04 06:12:09,747 INFO o.a.j.JMeter: java.awt.headless=true
2022-09-04 06:12:09,748 INFO o.a.j.JMeter: Max memory     =1853358080
2022-09-04 06:12:09,748 INFO o.a.j.JMeter: Available Processors =2
2022-09-04 06:12:09,755 INFO o.a.j.JMeter: Default Locale=English
2022-09-04 06:12:09,756 INFO o.a.j.JMeter: JMeter  Locale=English
2022-09-04 06:12:09,756 INFO o.a.j.JMeter: JMeterHome=/home/hsonnl/azagent/_work/_tool/jmeter-b78fe7bc0106f2518c30e8a491073b2c33bc8b3afeca19834f6642e7/5.4.2/x64/apache-jmeter-5.4.2
2022-09-04 06:12:09,756 INFO o.a.j.JMeter: user.dir  =/home/hsonnl/azagent/_work/1/s
2022-09-04 06:12:09,756 INFO o.a.j.JMeter: PWD       =/home/hsonnl/azagent/_work/1/s
2022-09-04 06:12:09,761 INFO o.a.j.JMeter: IP: 10.0.0.4 Name: hsonnlVM FullName: hsonnlvm.internal.cloudapp.net
2022-09-04 06:12:09,761 INFO o.a.j.JMeter: user.classpath=/home/hsonnl/azagent/_work/1/s/my-taurus-output-3:/home/hsonnl/azagent/_work/1/automatedtesting/jmeter
2022-09-04 06:12:09,761 INFO o.a.j.JMeter: Adding to classpath and loader: /home/hsonnl/azagent/_work/1/s/my-taurus-output-3
2022-09-04 06:12:09,762 INFO o.a.j.JMeter: Adding to classpath and loader: /home/hsonnl/azagent/_work/1/automatedtesting/jmeter
2022-09-04 06:12:09,768 INFO o.a.j.s.FileServer: Default base='/home/hsonnl/azagent/_work/1/s'
2022-09-04 06:12:09,769 INFO o.a.j.s.FileServer: Set new base='/home/hsonnl/azagent/_work/1/automatedtesting/jmeter'
2022-09-04 06:12:09,929 INFO o.a.j.s.SaveService: Testplan (JMX) version: 2.2. Testlog (JTL) version: 2.2
2022-09-04 06:12:09,954 INFO o.a.j.s.SaveService: Using SaveService properties file encoding UTF-8
2022-09-04 06:12:09,960 INFO o.a.j.s.SaveService: Using SaveService properties version 5.0
2022-09-04 06:12:09,969 INFO o.a.j.s.SaveService: Loading file: /home/hsonnl/azagent/_work/1/automatedtesting/jmeter/modified_Starter.jmx
2022-09-04 06:12:10,031 INFO o.a.j.p.h.s.HTTPSamplerBase: Parser for text/html is org.apache.jmeter.protocol.http.parser.LagartoBasedHtmlParser
2022-09-04 06:12:10,032 INFO o.a.j.p.h.s.HTTPSamplerBase: Parser for application/xhtml+xml is org.apache.jmeter.protocol.http.parser.LagartoBasedHtmlParser
2022-09-04 06:12:10,032 INFO o.a.j.p.h.s.HTTPSamplerBase: Parser for application/xml is org.apache.jmeter.protocol.http.parser.LagartoBasedHtmlParser
2022-09-04 06:12:10,032 INFO o.a.j.p.h.s.HTTPSamplerBase: Parser for text/xml is org.apache.jmeter.protocol.http.parser.LagartoBasedHtmlParser
2022-09-04 06:12:10,032 INFO o.a.j.p.h.s.HTTPSamplerBase: Parser for text/vnd.wap.wml is org.apache.jmeter.protocol.http.parser.RegexpHTMLParser
2022-09-04 06:12:10,032 INFO o.a.j.p.h.s.HTTPSamplerBase: Parser for text/css is org.apache.jmeter.protocol.http.parser.CssParser
2022-09-04 06:12:10,085 INFO o.a.j.e.StandardJMeterEngine: Running the test!
2022-09-04 06:12:10,086 INFO o.a.j.s.SampleEvent: List of sample_variables: []
2022-09-04 06:12:10,086 INFO o.a.j.s.SampleEvent: List of sample_variables: []
2022-09-04 06:12:10,094 INFO o.a.j.e.u.CompoundVariable: Note: Function class names must contain the string: '.functions.'
2022-09-04 06:12:10,094 INFO o.a.j.e.u.CompoundVariable: Note: Function class names must not contain the string: '.gui.'
2022-09-04 06:12:10,564 INFO o.a.j.JMeter: Running test (1662271930564)
2022-09-04 06:12:10,638 INFO o.a.j.e.StandardJMeterEngine: Starting ThreadGroup: 1 : Starter
2022-09-04 06:12:10,639 INFO o.a.j.e.StandardJMeterEngine: Starting 5 threads for group Starter.
2022-09-04 06:12:10,639 INFO o.a.j.e.StandardJMeterEngine: Thread will continue on error
2022-09-04 06:12:10,639 INFO o.a.j.t.ThreadGroup: Starting thread group... number=1 threads=5 ramp-up=2 delayedStart=false
2022-09-04 06:12:10,674 INFO o.a.j.t.ThreadGroup: Started thread group number 1
2022-09-04 06:12:10,675 INFO o.a.j.e.StandardJMeterEngine: All thread groups have been started
2022-09-04 06:12:10,709 INFO o.a.j.t.JMeterThread: Thread started: Starter 1-1
2022-09-04 06:12:10,713 INFO o.a.j.s.FileServer: Stored: /home/hsonnl/myagent/_work/1/automatedtesting/jmeter/test-results.csv
2022-09-04 06:12:10,739 INFO o.a.j.p.h.s.HTTPHCAbstractImpl: Local host = hsonnlVM
2022-09-04 06:12:10,748 INFO o.a.j.p.h.s.HTTPHC4Impl: HTTP request retry count = 0
2022-09-04 06:12:10,749 INFO o.a.j.s.SampleResult: Note: Sample TimeStamps are START times
2022-09-04 06:12:10,750 INFO o.a.j.s.SampleResult: sampleresult.default.encoding is set to UTF-8
2022-09-04 06:12:10,750 INFO o.a.j.s.SampleResult: sampleresult.useNanoTime=true
2022-09-04 06:12:10,750 INFO o.a.j.s.SampleResult: sampleresult.nanoThreadSleep=5000
2022-09-04 06:12:10,924 INFO o.a.j.p.h.s.h.LazyLayeredConnectionSocketFactory: Setting up HTTPS TrustAll Socket Factory
2022-09-04 06:12:10,932 INFO o.a.j.u.JsseSSLManager: Using default SSL protocol: TLS
2022-09-04 06:12:10,932 INFO o.a.j.u.JsseSSLManager: SSL session context: per-thread
2022-09-04 06:12:11,041 INFO o.a.j.u.SSLManager: JmeterKeyStore Location:  type JKS
2022-09-04 06:12:11,045 INFO o.a.j.u.SSLManager: KeyStore created OK
2022-09-04 06:12:11,046 WARN o.a.j.u.SSLManager: Keystore file not found, loading empty keystore
2022-09-04 06:12:11,095 INFO o.a.j.t.JMeterThread: Thread started: Starter 1-2
2022-09-04 06:12:11,485 INFO o.a.j.t.JMeterThread: Thread started: Starter 1-3
2022-09-04 06:12:11,886 INFO o.a.j.t.JMeterThread: Thread started: Starter 1-4
2022-09-04 06:12:12,284 INFO o.a.j.t.JMeterThread: Thread started: Starter 1-5
2022-09-04 06:12:15,246 INFO o.a.j.t.JMeterThread: Thread is done: Starter 1-5
2022-09-04 06:12:15,246 INFO o.a.j.t.JMeterThread: Thread finished: Starter 1-5
2022-09-04 06:12:15,251 INFO o.a.j.t.JMeterThread: Thread is done: Starter 1-3
2022-09-04 06:12:15,251 INFO o.a.j.t.JMeterThread: Thread finished: Starter 1-3
2022-09-04 06:12:15,254 INFO o.a.j.t.JMeterThread: Thread is done: Starter 1-4
2022-09-04 06:12:15,254 INFO o.a.j.t.JMeterThread: Thread finished: Starter 1-4
2022-09-04 06:12:15,255 INFO o.a.j.t.JMeterThread: Thread is done: Starter 1-2
2022-09-04 06:12:15,255 INFO o.a.j.t.JMeterThread: Thread finished: Starter 1-2
2022-09-04 06:12:15,260 INFO o.a.j.t.JMeterThread: Thread is done: Starter 1-1
2022-09-04 06:12:15,260 INFO o.a.j.t.JMeterThread: Thread finished: Starter 1-1
2022-09-04 06:12:15,260 INFO o.a.j.e.StandardJMeterEngine: Notifying test listeners of end of test
2022-09-04 06:12:15,261 INFO o.a.j.s.FileServer: Close: /home/hsonnl/myagent/_work/1/automatedtesting/jmeter/test-results.csv
2022-09-04 06:12:15,264 INFO o.a.j.e.StandardJMeterEngine: Forced JVM shutdown requested at end of test
